<?xml version="1.0" encoding="UTF-8"?>
<testsuite xmlns:xsi="http://www.w3.org/2001/XMLSchema-instance" xsi:noNamespaceSchemaLocation="https://maven.apache.org/surefire/maven-surefire-plugin/xsd/surefire-test-report-3.0.xsd" version="3.0" name="edu.praktikum.sprint3.CalculatorTest" time="0.018" tests="6" errors="0" skipped="0" failures="0">
  <properties>
    <property name="java.specification.version" value="25"/>
    <property name="sun.jnu.encoding" value="UTF-8"/>
    <property name="java.class.path" value="/Users/kukushkin41/Documents/Home_work/sprint_3_test/target/test-classes:/Users/kukushkin41/Documents/Home_work/sprint_3_test/target/classes:/Users/kukushkin41/.m2/repository/org/junit/jupiter/junit-jupiter/5.9.2/junit-jupiter-5.9.2.jar:/Users/kukushkin41/.m2/repository/org/junit/jupiter/junit-jupiter-api/5.9.2/junit-jupiter-api-5.9.2.jar:/Users/kukushkin41/.m2/repository/org/opentest4j/opentest4j/1.2.0/opentest4j-1.2.0.jar:/Users/kukushkin41/.m2/repository/org/junit/platform/junit-platform-commons/1.9.2/junit-platform-commons-1.9.2.jar:/Users/kukushkin41/.m2/repository/org/apiguardian/apiguardian-api/1.1.2/apiguardian-api-1.1.2.jar:/Users/kukushkin41/.m2/repository/org/junit/jupiter/junit-jupiter-params/5.9.2/junit-jupiter-params-5.9.2.jar:/Users/kukushkin41/.m2/repository/org/junit/jupiter/junit-jupiter-engine/5.9.2/junit-jupiter-engine-5.9.2.jar:/Users/kukushkin41/.m2/repository/org/junit/platform/junit-platform-engine/1.9.2/junit-platform-engine-1.9.2.jar:"/>
    <property name="java.vm.vendor" value="Oracle Corporation"/>
    <property name="sun.arch.data.model" value="64"/>
    <property name="java.vendor.url" value="https://java.oracle.com/"/>
    <property name="os.name" value="Mac OS X"/>
    <property name="java.vm.specification.version" value="25"/>
    <property name="user.country" value="RU"/>
    <property name="sun.java.launcher" value="SUN_STANDARD"/>
    <property name="sun.boot.library.path" value="/Users/kukushkin41/Library/Java/JavaVirtualMachines/openjdk-25/Contents/Home/lib"/>
    <property name="sun.java.command" value="/Users/kukushkin41/Documents/Home_work/sprint_3_test/target/surefire/surefirebooter-20251023094323359_3.jar /Users/kukushkin41/Documents/Home_work/sprint_3_test/target/surefire 2025-10-23T09-43-20_923-jvmRun1 surefire-20251023094323359_1tmp surefire_0-20251023094323359_2tmp"/>
    <property name="jdk.debug" value="release"/>
    <property name="surefire.test.class.path" value="/Users/kukushkin41/Documents/Home_work/sprint_3_test/target/test-classes:/Users/kukushkin41/Documents/Home_work/sprint_3_test/target/classes:/Users/kukushkin41/.m2/repository/org/junit/jupiter/junit-jupiter/5.9.2/junit-jupiter-5.9.2.jar:/Users/kukushkin41/.m2/repository/org/junit/jupiter/junit-jupiter-api/5.9.2/junit-jupiter-api-5.9.2.jar:/Users/kukushkin41/.m2/repository/org/opentest4j/opentest4j/1.2.0/opentest4j-1.2.0.jar:/Users/kukushkin41/.m2/repository/org/junit/platform/junit-platform-commons/1.9.2/junit-platform-commons-1.9.2.jar:/Users/kukushkin41/.m2/repository/org/apiguardian/apiguardian-api/1.1.2/apiguardian-api-1.1.2.jar:/Users/kukushkin41/.m2/repository/org/junit/jupiter/junit-jupiter-params/5.9.2/junit-jupiter-params-5.9.2.jar:/Users/kukushkin41/.m2/repository/org/junit/jupiter/junit-jupiter-engine/5.9.2/junit-jupiter-engine-5.9.2.jar:/Users/kukushkin41/.m2/repository/org/junit/platform/junit-platform-engine/1.9.2/junit-platform-engine-1.9.2.jar:"/>
    <property name="sun.cpu.endian" value="little"/>
    <property name="user.home" value="/Users/kukushkin41"/>
    <property name="user.language" value="ru"/>
    <property name="java.specification.vendor" value="Oracle Corporation"/>
    <property name="java.version.date" value="2025-09-16"/>
    <property name="java.home" value="/Users/kukushkin41/Library/Java/JavaVirtualMachines/openjdk-25/Contents/Home"/>
    <property name="file.separator" value="/"/>
    <property name="basedir" value="/Users/kukushkin41/Documents/Home_work/sprint_3_test"/>
    <property name="style.color" value="always"/>
    <property name="java.vm.compressedOopsMode" value="Zero based"/>
    <property name="line.separator" value="&#10;"/>
    <property name="java.vm.specification.vendor" value="Oracle Corporation"/>
    <property name="java.specification.name" value="Java Platform API Specification"/>
    <property name="apple.awt.application.name" value="ForkedBooter"/>
    <property name="surefire.real.class.path" value="/Users/kukushkin41/Documents/Home_work/sprint_3_test/target/surefire/surefirebooter-20251023094323359_3.jar"/>
    <property name="sun.management.compiler" value="HotSpot 64-Bit Tiered Compilers"/>
    <property name="java.runtime.version" value="25+36-3489"/>
    <property name="user.name" value="kukushkin41"/>
    <property name="stdout.encoding" value="UTF-8"/>
    <property name="path.separator" value=":"/>
    <property name="os.version" value="13.5.2"/>
    <property name="java.runtime.name" value="OpenJDK Runtime Environment"/>
    <property name="file.encoding" value="UTF-8"/>
    <property name="java.vm.name" value="OpenJDK 64-Bit Server VM"/>
    <property name="maven.ext.class.path" value="/Applications/IntelliJ IDEA CE.app/Contents/plugins/maven/lib/maven-event-listener.jar"/>
    <property name="localRepository" value="/Users/kukushkin41/.m2/repository"/>
    <property name="java.vendor.url.bug" value="https://bugreport.java.com/bugreport/"/>
    <property name="java.io.tmpdir" value="/var/folders/jb/2y_qk74j1nn2gdjnz5kdd6185cbs_y/T/"/>
    <property name="idea.version" value="2025.2.1"/>
    <property name="java.version" value="25"/>
    <property name="user.dir" value="/Users/kukushkin41/Documents/Home_work/sprint_3_test"/>
    <property name="os.arch" value="aarch64"/>
    <property name="jansi.passthrough" value="true"/>
    <property name="java.vm.specification.name" value="Java Virtual Machine Specification"/>
    <property name="native.encoding" value="UTF-8"/>
    <property name="java.library.path" value="/Users/kukushkin41/Library/Java/Extensions:/Library/Java/Extensions:/Network/Library/Java/Extensions:/System/Library/Java/Extensions:/usr/lib/java:."/>
    <property name="java.vm.info" value="mixed mode, sharing"/>
    <property name="stderr.encoding" value="UTF-8"/>
    <property name="java.vendor" value="Oracle Corporation"/>
    <property name="java.vm.version" value="25+36-3489"/>
    <property name="stdin.encoding" value="UTF-8"/>
    <property name="sun.io.unicode.encoding" value="UnicodeBig"/>
    <property name="maven.repo.local" value="/Users/kukushkin41/.m2/repository"/>
    <property name="java.class.version" value="69.0"/>
  </properties>
  <testcase name="testSumWithNegativeNumbersShouldReturnCorrectSum" classname="edu.praktikum.sprint3.CalculatorTest" time="0.007"/>
  <testcase name="testSumWithTwoZerosShouldReturnZero" classname="edu.praktikum.sprint3.CalculatorTest" time="0"/>
  <testcase name="testSumWithPositiveNumbersShouldReturnCorrectSum" classname="edu.praktikum.sprint3.CalculatorTest" time="0"/>
  <testcase name="testSumWithLargeNumbersShouldReturnCorrectSum" classname="edu.praktikum.sprint3.CalculatorTest" time="0.001"/>
  <testcase name="testSumWithPositiveAndNegativeNumberShouldReturnCorrectSum" classname="edu.praktikum.sprint3.CalculatorTest" time="0.001"/>
  <testcase name="testSumWithZeroShouldReturnSameNumber" classname="edu.praktikum.sprint3.CalculatorTest" time="0"/>
</testsuite>